<?xml version="1.0" encoding="UTF-8"?>
<testsuites name="Mocha Tests" time="0.4380" tests="17" failures="12">
  <testsuite name="Root Suite" timestamp="2021-07-19T08:48:18" tests="0" time="0.0000" failures="0">
  </testsuite>
  <testsuite name="analyze(folderPath, callback)" timestamp="2021-07-19T08:48:18" tests="10" file="C:\Users\Svitlana_Dasgupta\Desktop\Projects\Learning\JS_Basic_Ecosystem\HW\HW1\HW_done\part1\test\analyze.js" time="0.0020" failures="8">
    <testcase name="analyze(folderPath, callback) should return an error in case a path to invalid folder was provided" time="0.0010" classname="should return an error in case a path to invalid folder was provided">
    </testcase>
    <testcase name="analyze(folderPath, callback) should call callback function once" time="0.0000" classname="should call callback function once">
    </testcase>
    <testcase name="analyze(folderPath, callback) should pass null as an error in case of a success" time="0.0010" classname="should pass null as an error in case of a success">
      <failure message="expected [Error: Task not implemented] to equal null" type="AssertionError"><![CDATA[AssertionError: expected [Error: Task not implemented] to equal null
    at Context.<anonymous> (test\analyze.js:44:51)
    at processImmediate (internal/timers.js:439:21)]]></failure>
    </testcase>
    <testcase name="analyze(folderPath, callback) should pass an object that has totalFiles number property" time="0.0000" classname="should pass an object that has totalFiles number property">
      <failure message="Target cannot be null or undefined." type="AssertionError"><![CDATA[AssertionError: Target cannot be null or undefined.
    at Context.<anonymous> (test\analyze.js:48:52)
    at processImmediate (internal/timers.js:439:21)]]></failure>
    </testcase>
    <testcase name="analyze(folderPath, callback) should pass an object that has totalSubFolders number property" time="0.0000" classname="should pass an object that has totalSubFolders number property">
      <failure message="Target cannot be null or undefined." type="AssertionError"><![CDATA[AssertionError: Target cannot be null or undefined.
    at Context.<anonymous> (test\analyze.js:53:52)
    at processImmediate (internal/timers.js:439:21)]]></failure>
    </testcase>
    <testcase name="analyze(folderPath, callback) should pass an object that has fileTypesInformation array property" time="0.0000" classname="should pass an object that has fileTypesInformation array property">
      <failure message="Target cannot be null or undefined." type="AssertionError"><![CDATA[AssertionError: Target cannot be null or undefined.
    at Context.<anonymous> (test\analyze.js:58:52)
    at processImmediate (internal/timers.js:439:21)]]></failure>
    </testcase>
    <testcase name="analyze(folderPath, callback) should pass correct format of objects for fileTypesInformation array" time="0.0000" classname="should pass correct format of objects for fileTypesInformation array">
      <failure message="Cannot read property &apos;fileTypesInformation&apos; of undefined" type="TypeError"><![CDATA[TypeError: Cannot read property 'fileTypesInformation' of undefined
    at Context.<anonymous> (test\analyze.js:63:63)
    at processImmediate (internal/timers.js:439:21)]]></failure>
    </testcase>
    <testcase name="analyze(folderPath, callback) should pass correct totalFiles value" time="0.0000" classname="should pass correct totalFiles value">
      <failure message="Cannot read property &apos;totalFiles&apos; of undefined" type="TypeError"><![CDATA[TypeError: Cannot read property 'totalFiles' of undefined
    at Context.<anonymous> (test\analyze.js:71:43)
    at processImmediate (internal/timers.js:439:21)]]></failure>
    </testcase>
    <testcase name="analyze(folderPath, callback) should pass correct totalSubFolders value" time="0.0000" classname="should pass correct totalSubFolders value">
      <failure message="Cannot read property &apos;totalSubFolders&apos; of undefined" type="TypeError"><![CDATA[TypeError: Cannot read property 'totalSubFolders' of undefined
    at Context.<anonymous> (test\analyze.js:75:43)
    at processImmediate (internal/timers.js:439:21)]]></failure>
    </testcase>
    <testcase name="analyze(folderPath, callback) should pass fileTypesInformation array that has correct information about extension" time="0.0000" classname="should pass fileTypesInformation array that has correct information about extension">
      <failure message="Cannot read property &apos;fileTypesInformation&apos; of undefined" type="TypeError"><![CDATA[TypeError: Cannot read property 'fileTypesInformation' of undefined
    at Context.<anonymous> (test\analyze.js:79:43)
    at processImmediate (internal/timers.js:439:21)]]></failure>
    </testcase>
  </testsuite>
  <testsuite name="CLI" timestamp="2021-07-19T08:48:18" tests="7" file="C:\Users\Svitlana_Dasgupta\Desktop\Projects\Learning\JS_Basic_Ecosystem\HW\HW1\HW_done\part1\test\index.js" time="0.4360" failures="4">
    <testcase name="CLI It should exit with non-zero code (Throw an error) if passed incorrect command name" time="0.0570" classname="It should exit with non-zero code (Throw an error) if passed incorrect command name">
      <failure message="expected 0 to not equal 0" type="AssertionError"><![CDATA[AssertionError: expected 0 to not equal 0
    at Context.<anonymous> (test\index.js:20:29)
    at processTicksAndRejections (internal/process/task_queues.js:93:5)]]></failure>
    </testcase>
    <testcase name="CLI It should exit with non-zero code (Throw an error) if passed incorrect arguments for rimraf command" time="0.1020" classname="It should exit with non-zero code (Throw an error) if passed incorrect arguments for rimraf command">
    </testcase>
    <testcase name="CLI It should exit with non-zero code (Throw an error) if passed incorrect arguments for rename command" time="0.1000" classname="It should exit with non-zero code (Throw an error) if passed incorrect arguments for rename command">
    </testcase>
    <testcase name="CLI It should delete a folder with all it content when using rimraf command." time="0.0590" classname="It should delete a folder with all it content when using rimraf command.">
    </testcase>
    <testcase name="CLI It should delete a file when using rimraf command." time="0.0590" classname="It should delete a file when using rimraf command.">
      <failure message="expected true to be false" type="AssertionError"><![CDATA[AssertionError: expected true to be false
    at Context.<anonymous> (test\index.js:87:43)
    at processTicksAndRejections (internal/process/task_queues.js:93:5)]]></failure>
    </testcase>
    <testcase name="CLI It should rename a file when using rename command." time="0.0580" classname="It should rename a file when using rename command.">
      <failure message="fs.rm is not a function" type="TypeError"><![CDATA[TypeError: fs.rm is not a function
    at Context.<anonymous> (test\index.js:107:14)]]></failure>
    </testcase>
    <testcase name="CLI It should rename a folder when using rename command." time="0.0010" classname="It should rename a folder when using rename command.">
      <failure message="EEXIST: file already exists, mkdir &apos;C:\Users\Svitlana_Dasgupta\Desktop\Projects\Learning\JS_Basic_Ecosystem\HW\HW1\HW_done\part1\folder&apos;" type="Error"><![CDATA[Error: EEXIST: file already exists, mkdir 'C:\Users\Svitlana_Dasgupta\Desktop\Projects\Learning\JS_Basic_Ecosystem\HW\HW1\HW_done\part1\folder']]></failure>
    </testcase>
  </testsuite>
</testsuites>